2026.03.27 11:19:02 INFO  Started: Metals version 1.6.6 in folders '/home/pramodgautam/Documents/my-portfolio' for client Visual Studio Code 1.112.0.
2026.03.27 11:19:02 INFO  Memory monitor started
2026.03.27 11:19:04 WARN  Using H2 2.4.240 which is newer than the version Flyway has been verified with. The latest verified version of H2 is 2.3.232.
2026.03.27 11:19:04 INFO  no build target found for /home/pramodgautam/Documents/my-portfolio/j.java. Using fallback presentation compiler.
2026.03.27 11:19:05 INFO  no build target found for /home/pramodgautam/Documents/my-portfolio/j.java. Using fallback presentation compiler.
2026.03.27 11:19:05 WARN  no build tool detected in workspace '/home/pramodgautam/Documents/my-portfolio'. The most common cause for this problem is that the editor was opened in the wrong working directory, for example if you use sbt then the workspace directory should contain build.sbt. 
2026.03.27 11:19:05 WARN  Build server is not auto-connectable.
2026.03.27 11:19:05 WARN  no build target for: /home/pramodgautam/Documents/my-portfolio/j.java
2026.03.27 11:19:05 INFO  no build target found for /home/pramodgautam/Documents/my-portfolio/j.java. Using fallback presentation compiler.
2026.03.27 11:19:07 INFO  time: code lens generation in 1.95s
2026.03.27 11:19:11 INFO  no build target found for /home/pramodgautam/Documents/my-portfolio/j.java. Using fallback presentation compiler.
2026.03.27 11:19:11 INFO  no build target found for /home/pramodgautam/Documents/my-portfolio/ThirdPartyDisputeApiService.java. Using fallback presentation compiler.
2026.03.27 11:19:11 WARN  no build target for: /home/pramodgautam/Documents/my-portfolio/ThirdPartyDisputeApiService.java
2026.03.27 11:19:11 INFO  no build target found for /home/pramodgautam/Documents/my-portfolio/ThirdPartyDisputeApiService.java. Using fallback presentation compiler.
2026.03.27 11:19:11 INFO  no build target found for /home/pramodgautam/Documents/my-portfolio/ThirdPartyDisputeApiService.java. Using fallback presentation compiler.
2026.03.27 11:19:11 INFO  no build target found for /home/pramodgautam/Documents/my-portfolio/ThirdPartyDisputeApiService.java. Using fallback presentation compiler.
2026.03.27 11:19:11 INFO  no build target found for /home/pramodgautam/Documents/my-portfolio/ThirdPartyDisputeApiService.java. Using fallback presentation compiler.
2026.03.27 11:19:16 INFO  no build target found for /home/pramodgautam/Documents/my-portfolio/ThirdPartyDisputeApiService.java. Using fallback presentation compiler.
2026.03.27 11:19:16 INFO  no build target found for /home/pramodgautam/Documents/my-portfolio/ThirdPartyDisputeApiService.java. Using fallback presentation compiler.
2026.03.27 11:19:16 INFO  no build target found for /home/pramodgautam/Documents/my-portfolio/ThirdPartyDisputeApiService.java. Using fallback presentation compiler.
2026.03.27 11:19:17 INFO  no build target found for /home/pramodgautam/Documents/my-portfolio/ThirdPartyDisputeApiService.java. Using fallback presentation compiler.
2026.03.27 11:19:17 INFO  no build target found for /home/pramodgautam/Documents/my-portfolio/ThirdPartyDisputeApiService.java. Using fallback presentation compiler.
2026.03.27 11:19:17 INFO  no build target found for /home/pramodgautam/Documents/my-portfolio/ThirdPartyDisputeApiService.java. Using fallback presentation compiler.
Mar 27, 2026 11:19:17 AM org.eclipse.lsp4j.jsonrpc.RemoteEndpoint handleCancellation
WARNING: Unmatched cancel notification for request id 30
2026.03.27 11:19:17 INFO  no build target found for /home/pramodgautam/Documents/my-portfolio/ThirdPartyDisputeApiService.java. Using fallback presentation compiler.
2026.03.27 11:19:17 INFO  no build target found for /home/pramodgautam/Documents/my-portfolio/ThirdPartyDisputeApiService.java. Using fallback presentation compiler.
2026.03.27 11:19:17 INFO  no build target found for /home/pramodgautam/Documents/my-portfolio/ThirdPartyDisputeApiService.java. Using fallback presentation compiler.
Mar 27, 2026 11:19:17 AM org.eclipse.lsp4j.jsonrpc.RemoteEndpoint handleCancellation
WARNING: Unmatched cancel notification for request id 31
2026.03.27 11:19:17 INFO  no build target found for /home/pramodgautam/Documents/my-portfolio/ThirdPartyDisputeApiService.java. Using fallback presentation compiler.
Mar 27, 2026 11:19:17 AM org.eclipse.lsp4j.jsonrpc.RemoteEndpoint handleCancellation
WARNING: Unmatched cancel notification for request id 35
2026.03.27 11:19:18 INFO  no build target found for /home/pramodgautam/Documents/my-portfolio/ThirdPartyDisputeApiService.java. Using fallback presentation compiler.
2026.03.27 11:19:18 INFO  no build target found for /home/pramodgautam/Documents/my-portfolio/ThirdPartyDisputeApiService.java. Using fallback presentation compiler.
2026.03.27 11:19:20 INFO  no build target found for /home/pramodgautam/Documents/my-portfolio/ThirdPartyDisputeApiService.java. Using fallback presentation compiler.
2026.03.27 11:19:39 INFO  no build target found for /home/pramodgautam/Documents/my-portfolio/ThirdPartyDisputeApiService.java. Using fallback presentation compiler.
2026.03.27 11:19:39 INFO  no build target found for /home/pramodgautam/Documents/my-portfolio/ThirdPartyDisputeApiService.java. Using fallback presentation compiler.
2026.03.27 11:23:59 INFO  no build target found for /home/pramodgautam/Documents/my-portfolio/ThirdPartyDisputeApiService.java. Using fallback presentation compiler.
2026.03.27 11:24:03 INFO  no build target found for /home/pramodgautam/Documents/my-portfolio/ThirdPartyDisputeApiService.java. Using fallback presentation compiler.
2026.03.27 11:24:05 INFO  no build target found for /home/pramodgautam/Documents/my-portfolio/ThirdPartyDisputeApiService.java. Using fallback presentation compiler.
2026.03.27 11:24:05 INFO  no build target found for /home/pramodgautam/Documents/my-portfolio/ThirdPartyDisputeApiService.java. Using fallback presentation compiler.
2026.03.27 11:24:05 INFO  no build target found for /home/pramodgautam/Documents/my-portfolio/ThirdPartyDisputeApiService.java. Using fallback presentation compiler.
2026.03.27 11:24:05 INFO  no build target found for /home/pramodgautam/Documents/my-portfolio/ThirdPartyDisputeApiService.java. Using fallback presentation compiler.
2026.03.27 11:24:06 INFO  no build target found for /home/pramodgautam/Documents/my-portfolio/ThirdPartyDisputeApiService.java. Using fallback presentation compiler.
2026.03.27 11:24:06 INFO  no build target found for /home/pramodgautam/Documents/my-portfolio/ThirdPartyDisputeApiService.java. Using fallback presentation compiler.
2026.03.27 11:24:06 INFO  no build target found for /home/pramodgautam/Documents/my-portfolio/ThirdPartyDisputeApiService.java. Using fallback presentation compiler.
2026.03.27 11:24:08 INFO  no build target found for /home/pramodgautam/Documents/my-portfolio/ThirdPartyDisputeApiService.java. Using fallback presentation compiler.
2026.03.27 11:24:08 INFO  no build target found for /home/pramodgautam/Documents/my-portfolio/ThirdPartyDisputeApiService.java. Using fallback presentation compiler.
2026.03.27 11:24:10 INFO  no build target found for /home/pramodgautam/Documents/my-portfolio/ThirdPartyDisputeApiService.java. Using fallback presentation compiler.
2026.03.27 11:24:10 INFO  no build target found for /home/pramodgautam/Documents/my-portfolio/ThirdPartyDisputeApiService.java. Using fallback presentation compiler.
2026.03.27 11:24:10 INFO  no build target found for /home/pramodgautam/Documents/my-portfolio/ThirdPartyDisputeApiService.java. Using fallback presentation compiler.
2026.03.27 11:24:11 INFO  no build target found for /home/pramodgautam/Documents/my-portfolio/ThirdPartyDisputeApiService.java. Using fallback presentation compiler.
2026.03.27 11:24:12 INFO  no build target found for /home/pramodgautam/Documents/my-portfolio/ThirdPartyDisputeApiService.java. Using fallback presentation compiler.
2026.03.27 11:24:11 INFO  no build target found for /home/pramodgautam/Documents/my-portfolio/ThirdPartyDisputeApiService.java. Using fallback presentation compiler.
2026.03.27 11:24:12 INFO  no build target found for /home/pramodgautam/Documents/my-portfolio/ThirdPartyDisputeApiService.java. Using fallback presentation compiler.
2026.03.27 11:24:14 INFO  no build target found for /home/pramodgautam/Documents/my-portfolio/ThirdPartyDisputeApiService.java. Using fallback presentation compiler.
2026.03.27 11:24:14 INFO  no build target found for /home/pramodgautam/Documents/my-portfolio/ThirdPartyDisputeApiService.java. Using fallback presentation compiler.
2026.03.27 11:24:15 INFO  no build target found for /home/pramodgautam/Documents/my-portfolio/ThirdPartyDisputeApiService.java. Using fallback presentation compiler.
2026.03.27 11:24:15 INFO  no build target found for /home/pramodgautam/Documents/my-portfolio/ThirdPartyDisputeApiService.java. Using fallback presentation compiler.
2026.03.27 11:24:22 INFO  no build target found for /home/pramodgautam/Documents/my-portfolio/ThirdPartyDisputeApiService.java. Using fallback presentation compiler.
2026.03.27 11:24:23 INFO  no build target found for /home/pramodgautam/Documents/my-portfolio/ThirdPartyDisputeApiService.java. Using fallback presentation compiler.
2026.03.27 11:24:23 INFO  no build target found for /home/pramodgautam/Documents/my-portfolio/ThirdPartyDisputeApiService.java. Using fallback presentation compiler.
2026.03.27 11:24:23 INFO  no build target found for /home/pramodgautam/Documents/my-portfolio/ThirdPartyDisputeApiService.java. Using fallback presentation compiler.
2026.03.27 11:24:23 INFO  Created report: Optional[file:///home/pramodgautam/Documents/my-portfolio/ThirdPartyDisputeApiService.java]
2026.03.27 11:24:23 INFO  empty definition using pc, found symbol in pc: _empty_/HttpHeaders#setBearerAuth# (full report at: "/home/pramodgautam/Documents/my-portfolio/.metals/.reports/metals-full/2026-03-27/r_empty-definition_11-24-23-396.md")
2026.03.27 11:24:23 INFO  empty definition using pc, found symbol in pc: _empty_/HttpHeaders#setBearerAuth# (full report at: "/home/pramodgautam/Documents/my-portfolio/.metals/.reports/metals-full/2026-03-27/r_empty-definition_11-24-23-396.md")
2026.03.27 11:24:22 INFO  no build target found for /home/pramodgautam/Documents/my-portfolio/ThirdPartyDisputeApiService.java. Using fallback presentation compiler.
2026.03.27 11:24:23 INFO  no build target found for /home/pramodgautam/Documents/my-portfolio/ThirdPartyDisputeApiService.java. Using fallback presentation compiler.
2026.03.27 11:24:24 INFO  no build target found for /home/pramodgautam/Documents/my-portfolio/ThirdPartyDisputeApiService.java. Using fallback presentation compiler.
2026.03.27 11:24:23 INFO  no build target found for /home/pramodgautam/Documents/my-portfolio/ThirdPartyDisputeApiService.java. Using fallback presentation compiler.
2026.03.27 11:24:24 INFO  empty definition using pc, found symbol in pc: _empty_/HttpHeaders#setBearerAuth# (full report at: "/home/pramodgautam/Documents/my-portfolio/.metals/.reports/metals-full/2026-03-27/r_empty-definition_11-24-23-396.md")
2026.03.27 11:24:25 INFO  no build target found for /home/pramodgautam/Documents/my-portfolio/ThirdPartyDisputeApiService.java. Using fallback presentation compiler.
2026.03.27 11:24:25 INFO  empty definition using pc, found symbol in pc: _empty_/HttpHeaders#setBearerAuth# (full report at: "/home/pramodgautam/Documents/my-portfolio/.metals/.reports/metals-full/2026-03-27/r_empty-definition_11-24-23-396.md")
2026.03.27 11:24:25 INFO  no build target found for /home/pramodgautam/Documents/my-portfolio/ThirdPartyDisputeApiService.java. Using fallback presentation compiler.
2026.03.27 11:24:25 INFO  no build target found for /home/pramodgautam/Documents/my-portfolio/ThirdPartyDisputeApiService.java. Using fallback presentation compiler.
2026.03.27 11:24:26 INFO  no build target found for /home/pramodgautam/Documents/my-portfolio/ThirdPartyDisputeApiService.java. Using fallback presentation compiler.
2026.03.27 11:24:26 INFO  empty definition using pc, found symbol in pc: _empty_/HttpHeaders#setBearerAuth# (full report at: "/home/pramodgautam/Documents/my-portfolio/.metals/.reports/metals-full/2026-03-27/r_empty-definition_11-24-23-396.md")
2026.03.27 11:24:25 INFO  no build target found for /home/pramodgautam/Documents/my-portfolio/ThirdPartyDisputeApiService.java. Using fallback presentation compiler.
2026.03.27 11:24:25 INFO  no build target found for /home/pramodgautam/Documents/my-portfolio/ThirdPartyDisputeApiService.java. Using fallback presentation compiler.
2026.03.27 11:24:26 INFO  no build target found for /home/pramodgautam/Documents/my-portfolio/ThirdPartyDisputeApiService.java. Using fallback presentation compiler.
2026.03.27 11:29:29 INFO  no build target found for /home/pramodgautam/Documents/my-portfolio/ThirdPartyDisputeApiService.java. Using fallback presentation compiler.
2026.03.27 11:29:36 INFO  no build target found for /home/pramodgautam/Documents/my-portfolio/ThirdPartyDisputeApiService.java. Using fallback presentation compiler.
2026.03.27 11:29:41 INFO  no build target found for /home/pramodgautam/Documents/my-portfolio/ThirdPartyDisputeApiService.java. Using fallback presentation compiler.
2026.03.27 11:32:03 INFO  no build target found for /home/pramodgautam/Documents/my-portfolio/ThirdPartyDisputeApiService.java. Using fallback presentation compiler.
2026.03.27 11:32:04 INFO  no build target found for /home/pramodgautam/Documents/my-portfolio/ThirdPartyDisputeApiService.java. Using fallback presentation compiler.
2026.03.27 11:32:04 INFO  no build target found for /home/pramodgautam/Documents/my-portfolio/ThirdPartyDisputeApiService.java. Using fallback presentation compiler.
2026.03.27 11:32:04 INFO  no build target found for /home/pramodgautam/Documents/my-portfolio/ThirdPartyDisputeApiService.java. Using fallback presentation compiler.
2026.03.27 11:32:06 INFO  no build target found for /home/pramodgautam/Documents/my-portfolio/ThirdPartyDisputeApiService.java. Using fallback presentation compiler.
2026.03.27 11:32:06 INFO  no build target found for /home/pramodgautam/Documents/my-portfolio/ThirdPartyDisputeApiService.java. Using fallback presentation compiler.
2026.03.27 11:32:06 INFO  no build target found for /home/pramodgautam/Documents/my-portfolio/ThirdPartyDisputeApiService.java. Using fallback presentation compiler.
2026.03.27 11:32:06 INFO  no build target found for /home/pramodgautam/Documents/my-portfolio/ThirdPartyDisputeApiService.java. Using fallback presentation compiler.
2026.03.27 11:32:06 INFO  no build target found for /home/pramodgautam/Documents/my-portfolio/ThirdPartyDisputeApiService.java. Using fallback presentation compiler.
2026.03.27 11:32:06 INFO  no build target found for /home/pramodgautam/Documents/my-portfolio/ThirdPartyDisputeApiService.java. Using fallback presentation compiler.
2026.03.27 11:32:07 INFO  no build target found for /home/pramodgautam/Documents/my-portfolio/ThirdPartyDisputeApiService.java. Using fallback presentation compiler.
2026.03.27 11:32:07 INFO  no build target found for /home/pramodgautam/Documents/my-portfolio/ThirdPartyDisputeApiService.java. Using fallback presentation compiler.
2026.03.27 11:32:07 INFO  no build target found for /home/pramodgautam/Documents/my-portfolio/ThirdPartyDisputeApiService.java. Using fallback presentation compiler.
2026.03.27 11:32:07 INFO  no build target found for /home/pramodgautam/Documents/my-portfolio/ThirdPartyDisputeApiService.java. Using fallback presentation compiler.
2026.03.27 11:32:07 INFO  no build target found for /home/pramodgautam/Documents/my-portfolio/ThirdPartyDisputeApiService.java. Using fallback presentation compiler.
2026.03.27 11:32:07 INFO  no build target found for /home/pramodgautam/Documents/my-portfolio/ThirdPartyDisputeApiService.java. Using fallback presentation compiler.
2026.03.27 11:32:08 INFO  no build target found for /home/pramodgautam/Documents/my-portfolio/ThirdPartyDisputeApiService.java. Using fallback presentation compiler.
2026.03.27 11:32:08 INFO  no build target found for /home/pramodgautam/Documents/my-portfolio/ThirdPartyDisputeApiService.java. Using fallback presentation compiler.
2026.03.27 11:32:08 INFO  no build target found for /home/pramodgautam/Documents/my-portfolio/ThirdPartyDisputeApiService.java. Using fallback presentation compiler.
2026.03.27 11:32:08 INFO  no build target found for /home/pramodgautam/Documents/my-portfolio/ThirdPartyDisputeApiService.java. Using fallback presentation compiler.
2026.03.27 11:32:08 INFO  no build target found for /home/pramodgautam/Documents/my-portfolio/ThirdPartyDisputeApiService.java. Using fallback presentation compiler.
2026.03.27 11:32:08 INFO  no build target found for /home/pramodgautam/Documents/my-portfolio/ThirdPartyDisputeApiService.java. Using fallback presentation compiler.
2026.03.27 11:32:09 INFO  no build target found for /home/pramodgautam/Documents/my-portfolio/ThirdPartyDisputeApiService.java. Using fallback presentation compiler.
2026.03.27 11:32:09 INFO  no build target found for /home/pramodgautam/Documents/my-portfolio/ThirdPartyDisputeApiService.java. Using fallback presentation compiler.
2026.03.27 11:32:09 INFO  no build target found for /home/pramodgautam/Documents/my-portfolio/ThirdPartyDisputeApiService.java. Using fallback presentation compiler.
2026.03.27 11:32:18 INFO  Shutting down server
2026.03.27 11:32:18 INFO  Memory monitor stopped
2026.03.27 11:32:18 INFO  shutting down Metals
2026.03.27 11:32:18 INFO  Exiting server
2026.03.28 16:44:59 INFO  Started: Metals version 1.6.6 in folders '/home/pramodgautam/Documents/my-portfolio' for client Visual Studio Code 1.112.0.
2026.03.28 16:44:59 INFO  time: initialize in 0.11s
2026.03.28 16:44:59 INFO  Memory monitor started
2026.03.28 16:45:01 WARN  Using H2 2.4.240 which is newer than the version Flyway has been verified with. The latest verified version of H2 is 2.3.232.
2026.03.28 16:45:01 INFO  no build target found for /home/pramodgautam/Documents/my-portfolio/ThirdPartyDisputeApiService.java. Using fallback presentation compiler.
2026.03.28 16:45:02 INFO  no build target found for /home/pramodgautam/Documents/my-portfolio/ThirdPartyDisputeApiService.java. Using fallback presentation compiler.
2026.03.28 16:45:02 WARN  no build tool detected in workspace '/home/pramodgautam/Documents/my-portfolio'. The most common cause for this problem is that the editor was opened in the wrong working directory, for example if you use sbt then the workspace directory should contain build.sbt. 
2026.03.28 16:45:02 WARN  Build server is not auto-connectable.
2026.03.28 16:45:02 WARN  no build target for: /home/pramodgautam/Documents/my-portfolio/ThirdPartyDisputeApiService.java
2026.03.28 16:45:02 INFO  no build target found for /home/pramodgautam/Documents/my-portfolio/ThirdPartyDisputeApiService.java. Using fallback presentation compiler.
2026.03.28 16:45:03 INFO  time: code lens generation in 1.46s
2026.03.28 16:45:47 INFO  no build target found for /home/pramodgautam/Documents/my-portfolio/ThirdPartyDisputeApiService.java. Using fallback presentation compiler.
2026.03.28 16:45:47 WARN  no build target for: /home/pramodgautam/Documents/my-portfolio/ThirdPartyDisputeApiService.java
Mar 28, 2026 4:45:47 PM org.eclipse.lsp4j.jsonrpc.RemoteEndpoint handleCancellation
WARNING: Unmatched cancel notification for request id 10
2026.03.28 16:45:47 INFO  no build target found for /home/pramodgautam/Documents/my-portfolio/ThirdPartyDisputeApiService.java. Using fallback presentation compiler.
2026.03.28 16:45:47 INFO  no build target found for /home/pramodgautam/Documents/my-portfolio/ThirdPartyDisputeApiService.java. Using fallback presentation compiler.
2026.03.28 16:45:47 INFO  no build target found for /home/pramodgautam/Documents/my-portfolio/ThirdPartyDisputeApiService.java. Using fallback presentation compiler.
Mar 28, 2026 4:45:47 PM org.eclipse.lsp4j.jsonrpc.RemoteEndpoint handleCancellation
WARNING: Unmatched cancel notification for request id 11
2026.03.28 16:47:03 INFO  no build target found for /home/pramodgautam/Documents/my-portfolio/ThirdPartyDisputeApiService.java. Using fallback presentation compiler.
2026.03.28 16:47:03 INFO  no build target found for /home/pramodgautam/Documents/my-portfolio/ThirdPartyDisputeApiService.java. Using fallback presentation compiler.
2026.03.28 16:47:04 INFO  no build target found for /home/pramodgautam/Documents/my-portfolio/ThirdPartyDisputeApiService.java. Using fallback presentation compiler.
2026.03.28 16:47:04 INFO  no build target found for /home/pramodgautam/Documents/my-portfolio/ThirdPartyDisputeApiService.java. Using fallback presentation compiler.
2026.03.28 16:47:04 INFO  no build target found for /home/pramodgautam/Documents/my-portfolio/ThirdPartyDisputeApiService.java. Using fallback presentation compiler.
Mar 28, 2026 4:47:04 PM org.eclipse.lsp4j.jsonrpc.RemoteEndpoint handleCancellation
WARNING: Unmatched cancel notification for request id 135
2026.03.28 16:47:04 INFO  no build target found for /home/pramodgautam/Documents/my-portfolio/ThirdPartyDisputeApiService.java. Using fallback presentation compiler.
2026.03.28 16:47:05 INFO  no build target found for /home/pramodgautam/Documents/my-portfolio/ThirdPartyDisputeApiService.java. Using fallback presentation compiler.
2026.03.28 16:47:05 INFO  no build target found for /home/pramodgautam/Documents/my-portfolio/ThirdPartyDisputeApiService.java. Using fallback presentation compiler.
2026.03.28 16:47:05 INFO  no build target found for /home/pramodgautam/Documents/my-portfolio/ThirdPartyDisputeApiService.java. Using fallback presentation compiler.
2026.03.28 16:47:05 INFO  no build target found for /home/pramodgautam/Documents/my-portfolio/ThirdPartyDisputeApiService.java. Using fallback presentation compiler.
2026.03.28 16:56:59 INFO  no build target found for /home/pramodgautam/Documents/my-portfolio/ThirdPartyDisputeApiService.java. Using fallback presentation compiler.
2026.03.28 16:56:59 INFO  no build target found for /home/pramodgautam/Documents/my-portfolio/ThirdPartyDisputeApiService.java. Using fallback presentation compiler.
2026.03.28 16:57:01 INFO  no build target found for /home/pramodgautam/Documents/my-portfolio/ThirdPartyDisputeApiService.java. Using fallback presentation compiler.
